Alarm-Clock/app/build/outputs/logs/manifest-merger-debug-report.txt
-- Merging decision tree log ---
manifest
ADDED from src/main/AndroidManifest.xml:15:1-88:12
	package
		ADDED from src/main/AndroidManifest.xml:16:5-41
		INJECTED from src/main/AndroidManifest.xml
		INJECTED from src/main/AndroidManifest.xml
	android:versionName
		ADDED from src/main/AndroidManifest.xml:18:5-30
		INJECTED from src/main/AndroidManifest.xml
		INJECTED from src/main/AndroidManifest.xml
	android:versionCode
		ADDED from src/main/AndroidManifest.xml:17:5-28
		INJECTED from src/main/AndroidManifest.xml
		INJECTED from src/main/AndroidManifest.xml
	xmlns:android
		ADDED from src/main/AndroidManifest.xml:15:11-69
uses-sdk
ADDED from src/main/AndroidManifest.xml:20:5-22:41
MERGED from [com.android.support:appcompat-v7:18.0.0] AndroidManifest.xml:18:5-42
	android:targetSdkVersion
		ADDED from src/main/AndroidManifest.xml:22:9-38
		INJECTED from src/main/AndroidManifest.xml
		INJECTED from src/main/AndroidManifest.xml
	android:minSdkVersion
		ADDED from src/main/AndroidManifest.xml:21:9-34
		INJECTED from src/main/AndroidManifest.xml
		INJECTED from src/main/AndroidManifest.xml
uses-permission#android.permission.WAKE_LOCK
ADDED from src/main/AndroidManifest.xml:24:5-68
	android:name
		ADDED from src/main/AndroidManifest.xml:24:22-65
uses-permission#android.permission.VIBRATE
ADDED from src/main/AndroidManifest.xml:25:5-66
	android:name
		ADDED from src/main/AndroidManifest.xml:25:22-63
uses-permission#android.permission.RECEIVE_BOOT_COMPLETED
ADDED from src/main/AndroidManifest.xml:26:2-78
	android:name
		ADDED from src/main/AndroidManifest.xml:26:19-75
uses-permission#android.permission.READ_PHONE_STATE
ADDED from src/main/AndroidManifest.xml:27:2-71
	android:name
		ADDED from src/main/AndroidManifest.xml:27:19-69
uses-permission#android.permission.READ_EXTERNAL_STORAGE
ADDED from src/main/AndroidManifest.xml:28:2-76
	android:name
		ADDED from src/main/AndroidManifest.xml:28:19-74
application
ADDED from src/main/AndroidManifest.xml:30:5-86:19
MERGED from [com.android.support:appcompat-v7:18.0.0] AndroidManifest.xml:19:5-20
	android:label
		ADDED from src/main/AndroidManifest.xml:33:9-41
	android:allowBackup
		ADDED from src/main/AndroidManifest.xml:31:9-35
	android:icon
		ADDED from src/main/AndroidManifest.xml:32:9-45
	android:theme
		ADDED from src/main/AndroidManifest.xml:34:9-67
activity#com.usnoozeulose.app.alarm.activities.MainActivity
ADDED from src/main/AndroidManifest.xml:35:9-43:20
	android:label
		ADDED from src/main/AndroidManifest.xml:37:13-45
	android:name
		ADDED from src/main/AndroidManifest.xml:36:13-78
intent-filter#android.intent.action.MAIN+android.intent.category.LAUNCHER
ADDED from src/main/AndroidManifest.xml:38:13-42:29
action#android.intent.action.MAIN
ADDED from src/main/AndroidManifest.xml:39:17-69
	android:name
		ADDED from src/main/AndroidManifest.xml:39:25-66
category#android.intent.category.LAUNCHER
ADDED from src/main/AndroidManifest.xml:41:17-77
	android:name
		ADDED from src/main/AndroidManifest.xml:41:27-74
activity#com.usnoozeulose.app.alarm.activities.AlarmActivity
ADDED from src/main/AndroidManifest.xml:45:9-49:20
	android:label
		ADDED from src/main/AndroidManifest.xml:47:13-45
	android:name
		ADDED from src/main/AndroidManifest.xml:46:13-79
activity#com.usnoozeulose.app.alarm.preferences.AlarmPreferencesActivity
ADDED from src/main/AndroidManifest.xml:51:9-59:20
	android:label
		ADDED from src/main/AndroidManifest.xml:53:13-45
	android:parentActivityName
		ADDED from src/main/AndroidManifest.xml:54:13-93
	android:name
		ADDED from src/main/AndroidManifest.xml:52:13-91
meta-data#android.support.PARENT_ACTIVITY
ADDED from src/main/AndroidManifest.xml:56:10-58:84
	android:value
		ADDED from src/main/AndroidManifest.xml:58:14-81
	android:name
		ADDED from src/main/AndroidManifest.xml:57:14-60
service#com.usnoozeulose.app.alarm.service.AlarmService
ADDED from src/main/AndroidManifest.xml:61:9-67:19
	android:process
		ADDED from src/main/AndroidManifest.xml:62:13-65
	android:label
		ADDED from src/main/AndroidManifest.xml:65:13-45
	android:icon
		ADDED from src/main/AndroidManifest.xml:64:13-49
	android:name
		ADDED from src/main/AndroidManifest.xml:63:13-75
receiver#com.usnoozeulose.app.alarm.service.AlarmServiceBroadcastReceiver
ADDED from src/main/AndroidManifest.xml:68:3-72:20
	android:name
		ADDED from src/main/AndroidManifest.xml:68:13-92
intent-filter#android.intent.action.BOOT_COMPLETED
ADDED from src/main/AndroidManifest.xml:69:13-71:29
action#android.intent.action.BOOT_COMPLETED
ADDED from src/main/AndroidManifest.xml:70:17-79
	android:name
		ADDED from src/main/AndroidManifest.xml:70:25-76
activity#com.usnoozeulose.app.alarm.alert.AlarmAlertActivity
ADDED from src/main/AndroidManifest.xml:74:9-78:20
	android:screenOrientation
		ADDED from src/main/AndroidManifest.xml:77:13-49
	android:label
		ADDED from src/main/AndroidManifest.xml:76:13-45
	android:name
		ADDED from src/main/AndroidManifest.xml:75:13-81
receiver#com.usnoozeulose.app.alarm.alert.AlarmAlertBroadcastReciever
ADDED from src/main/AndroidManifest.xml:79:3-80:20
	android:name
		ADDED from src/main/AndroidManifest.xml:79:13-88
receiver#com.usnoozeulose.app.alarm.telephony.PhoneStateChangedBroadcastReceiver
ADDED from src/main/AndroidManifest.xml:81:9-85:20
	android:name
		ADDED from src/main/AndroidManifest.xml:81:19-107
intent-filter#android.intent.action.PHONE_STATE
ADDED from src/main/AndroidManifest.xml:82:13-84:29
action#android.intent.action.PHONE_STATE
ADDED from src/main/AndroidManifest.xml:83:17-76
	android:name
		ADDED from src/main/AndroidManifest.xml:83:25-73